inference/build/intermediates/manifest_merge_blame_file/debug/processDebugManifest/manifest-merger-blame-debug-report.txt
1<?xml version="1.0" encoding="utf-8"?>
2<manifest xmlns:android="http://schemas.android.com/apk/res/android"
3    package="com.android.gguf_llama_jin.inference_module" >
4
5    <uses-sdk android:minSdkVersion="31" />
6
7    <application>
7-->src/main/AndroidManifest.xml:3:5-9:19
8        <service
8-->src/main/AndroidManifest.xml:4:9-8:56
9            android:name="com.android.gguf_llama_jin.data.download.DownloadForegroundService"
9-->src/main/AndroidManifest.xml:5:13-94
10            android:enabled="true"
10-->src/main/AndroidManifest.xml:6:13-35
11            android:exported="false"
11-->src/main/AndroidManifest.xml:7:13-37
12            android:foregroundServiceType="dataSync" />
12-->src/main/AndroidManifest.xml:8:13-53
13    </application>
14
15</manifest>